{
  "stats": {
    "suites": 1,
    "tests": 1,
    "passes": 1,
    "pending": 0,
    "failures": 0,
    "start": "2023-05-29T06:07:52.846Z",
    "end": "2023-05-29T06:07:59.330Z",
    "duration": 6484,
    "testsRegistered": 1,
    "passPercent": 100,
    "pendingPercent": 0,
    "other": 0,
    "hasOther": false,
    "skipped": 0,
    "hasSkipped": false
  },
  "results": [
    {
      "uuid": "de976365-5623-4498-8e79-6207eebdbee1",
      "title": "",
      "fullFile": "cypress/integration/sample_training/classes_example.js",
      "file": "cypress/integration/sample_training/classes_example.js",
      "beforeHooks": [],
      "afterHooks": [],
      "tests": [],
      "suites": [
        {
          "uuid": "3f049bd9-6c35-4d2c-8fc4-375f91ec1f00",
          "title": "This is a sample class implementation",
          "fullFile": "",
          "file": "",
          "beforeHooks": [],
          "afterHooks": [],
          "tests": [
            {
              "title": "Lets write a test class with classes",
              "fullTitle": "This is a sample class implementation Lets write a test class with classes",
              "timedOut": null,
              "duration": 3963,
              "state": "passed",
              "speed": "fast",
              "pass": true,
              "fail": false,
              "pending": false,
              "context": null,
              "code": "HomePage.scrollDown();\nHomePage.wait(3000);\nHomePage.scrollUp();",
              "err": {},
              "uuid": "caf6eadc-d232-4b08-ac85-f5c4b134a18a",
              "parentUUID": "3f049bd9-6c35-4d2c-8fc4-375f91ec1f00",
              "isHook": false,
              "skipped": false
            }
          ],
          "suites": [],
          "passes": [
            "caf6eadc-d232-4b08-ac85-f5c4b134a18a"
          ],
          "failures": [],
          "pending": [],
          "skipped": [],
          "duration": 3963,
          "root": false,
          "rootEmpty": false,
          "_timeout": 2000
        }
      ],
      "passes": [],
      "failures": [],
      "pending": [],
      "skipped": [],
      "duration": 0,
      "root": true,
      "rootEmpty": true,
      "_timeout": 2000
    }
  ],
  "meta": {
    "mocha": {
      "version": "7.0.1"
    },
    "mochawesome": {
      "options": {
        "quiet": false,
        "reportFilename": "mochawesome",
        "saveHtml": false,
        "saveJson": true,
        "consoleReporter": "spec",
        "useInlineDiffs": false,
        "code": true
      },
      "version": "7.1.3"
    },
    "marge": {
      "options": {
        "reportDir": "cypress\\reports\\.jsons",
        "charts": true,
        "reportPageTitle": "Test Automation Report",
        "embeddedScreenshots": true,
        "inlineAssets": true,
        "overwrite": false,
        "html": false,
        "json": true
      },
      "version": "6.2.0"
    }
  }
}