{
  "stats": {
    "suites": 1,
    "tests": 1,
    "passes": 1,
    "pending": 0,
    "failures": 0,
    "start": "2023-05-29T06:09:19.308Z",
    "end": "2023-05-29T06:09:33.123Z",
    "duration": 13815,
    "testsRegistered": 1,
    "passPercent": 100,
    "pendingPercent": 0,
    "other": 0,
    "hasOther": false,
    "skipped": 0,
    "hasSkipped": false
  },
  "results": [
    {
      "uuid": "09d98e1e-2b6f-4e57-a1dc-1056421244b8",
      "title": "",
      "fullFile": "cypress/integration/sample_training/custom_command.js",
      "file": "cypress/integration/sample_training/custom_command.js",
      "beforeHooks": [],
      "afterHooks": [],
      "tests": [],
      "suites": [
        {
          "uuid": "db78c3bb-8902-4589-be96-4b643f2a07b6",
          "title": "Working with custom commands",
          "fullFile": "",
          "file": "",
          "beforeHooks": [],
          "afterHooks": [],
          "tests": [
            {
              "title": "Should be able to search",
              "fullTitle": "Working with custom commands Should be able to search",
              "timedOut": null,
              "duration": 10998,
              "state": "passed",
              "speed": "slow",
              "pass": true,
              "fail": false,
              "pending": false,
              "context": null,
              "code": "const google = 'https://www.google.com';\ncy.visit(google);\ncy.search('Garmin');",
              "err": {},
              "uuid": "441ea122-7bbd-4a0e-98e0-532f8a082204",
              "parentUUID": "db78c3bb-8902-4589-be96-4b643f2a07b6",
              "isHook": false,
              "skipped": false
            }
          ],
          "suites": [],
          "passes": [
            "441ea122-7bbd-4a0e-98e0-532f8a082204"
          ],
          "failures": [],
          "pending": [],
          "skipped": [],
          "duration": 10998,
          "root": false,
          "rootEmpty": false,
          "_timeout": 2000
        }
      ],
      "passes": [],
      "failures": [],
      "pending": [],
      "skipped": [],
      "duration": 0,
      "root": true,
      "rootEmpty": true,
      "_timeout": 2000
    }
  ],
  "meta": {
    "mocha": {
      "version": "7.0.1"
    },
    "mochawesome": {
      "options": {
        "quiet": false,
        "reportFilename": "mochawesome",
        "saveHtml": false,
        "saveJson": true,
        "consoleReporter": "spec",
        "useInlineDiffs": false,
        "code": true
      },
      "version": "7.1.3"
    },
    "marge": {
      "options": {
        "reportDir": "cypress\\reports\\.jsons",
        "charts": true,
        "reportPageTitle": "Test Automation Report",
        "embeddedScreenshots": true,
        "inlineAssets": true,
        "overwrite": false,
        "html": false,
        "json": true
      },
      "version": "6.2.0"
    }
  }
}