{
  "stats": {
    "suites": 1,
    "tests": 1,
    "passes": 1,
    "pending": 0,
    "failures": 0,
    "start": "2023-05-29T06:51:31.987Z",
    "end": "2023-05-29T06:51:41.460Z",
    "duration": 9473,
    "testsRegistered": 1,
    "passPercent": 100,
    "pendingPercent": 0,
    "other": 0,
    "hasOther": false,
    "skipped": 0,
    "hasSkipped": false
  },
  "results": [
    {
      "uuid": "bc3d31d3-3b27-4e45-9661-989b585dee1a",
      "title": "",
      "fullFile": "cypress/integration/visual_testing/percy.js",
      "file": "cypress/integration/visual_testing/percy.js",
      "beforeHooks": [],
      "afterHooks": [],
      "tests": [],
      "suites": [
        {
          "uuid": "04ba5d95-9c43-45da-94b1-b58c87965920",
          "title": "Integration test with visual testing",
          "fullFile": "",
          "file": "",
          "beforeHooks": [],
          "afterHooks": [],
          "tests": [
            {
              "title": "Loads the homepage",
              "fullTitle": "Integration test with visual testing Loads the homepage",
              "timedOut": null,
              "duration": 6630,
              "state": "passed",
              "speed": "medium",
              "pass": true,
              "fail": false,
              "pending": false,
              "context": null,
              "code": "// Load the page or perform any other interactions with the app.\ncy.visit(\"https://testcafe.io\"); // Take a snapshot for visual diffing\ncy.percySnapshot();",
              "err": {},
              "uuid": "d4f0558a-b159-45f3-b2c0-8b5f9da0c3ce",
              "parentUUID": "04ba5d95-9c43-45da-94b1-b58c87965920",
              "isHook": false,
              "skipped": false
            }
          ],
          "suites": [],
          "passes": [
            "d4f0558a-b159-45f3-b2c0-8b5f9da0c3ce"
          ],
          "failures": [],
          "pending": [],
          "skipped": [],
          "duration": 6630,
          "root": false,
          "rootEmpty": false,
          "_timeout": 2000
        }
      ],
      "passes": [],
      "failures": [],
      "pending": [],
      "skipped": [],
      "duration": 0,
      "root": true,
      "rootEmpty": true,
      "_timeout": 2000
    }
  ],
  "meta": {
    "mocha": {
      "version": "7.0.1"
    },
    "mochawesome": {
      "options": {
        "quiet": false,
        "reportFilename": "mochawesome",
        "saveHtml": false,
        "saveJson": true,
        "consoleReporter": "spec",
        "useInlineDiffs": false,
        "code": true
      },
      "version": "7.1.3"
    },
    "marge": {
      "options": {
        "reportDir": "cypress\\reports\\.jsons",
        "charts": true,
        "reportPageTitle": "Test Automation Report",
        "embeddedScreenshots": true,
        "inlineAssets": true,
        "overwrite": false,
        "html": false,
        "json": true
      },
      "version": "6.2.0"
    }
  }
}