{
  "stats": {
    "suites": 1,
    "tests": 1,
    "passes": 0,
    "pending": 0,
    "failures": 1,
    "start": "2023-05-29T06:09:39.995Z",
    "end": "2023-05-29T06:10:03.373Z",
    "duration": 23378,
    "testsRegistered": 1,
    "passPercent": 0,
    "pendingPercent": 0,
    "other": 0,
    "hasOther": false,
    "skipped": 0,
    "hasSkipped": false
  },
  "results": [
    {
      "uuid": "3f8b6a35-f046-4944-8ce0-4af0a0a685fe",
      "title": "",
      "fullFile": "cypress/integration/sample_training/google_search_button_interactions.js",
      "file": "cypress/integration/sample_training/google_search_button_interactions.js",
      "beforeHooks": [],
      "afterHooks": [],
      "tests": [],
      "suites": [
        {
          "uuid": "19070ed6-2504-4f5e-a908-75138ad57edc",
          "title": "Button Interactions Example",
          "fullFile": "",
          "file": "",
          "beforeHooks": [],
          "afterHooks": [],
          "tests": [
            {
              "title": "Clicking a search button",
              "fullTitle": "Button Interactions Example Clicking a search button",
              "timedOut": null,
              "duration": 21272,
              "state": "failed",
              "speed": null,
              "pass": false,
              "fail": true,
              "pending": false,
              "context": null,
              "code": "cy.visit('https://www.google.com', 10000);\ncy.fixture(\"company\").then(corporation => {\n  const name = corporation.name;\n  cy.get('.gLFyf').type(name);\n  cy.contains('Google Search').click();\n  cy.contains('Garmin').should('be.visible');\n});",
              "err": {
                "message": "AssertionError: Timed out retrying after 10000ms: expected '<noscript>' to be 'visible'\n\nThis element `<noscript>` is not visible because it has an effective width and height of: `0 x 0` pixels.",
                "estack": "AssertionError: Timed out retrying after 10000ms: expected '<noscript>' to be 'visible'\n\nThis element `<noscript>` is not visible because it has an effective width and height of: `0 x 0` pixels.\n    at Context.eval (https://www.google.com/__cypress/tests?p=cypress\\integration\\sample_training\\google_search_button_interactions.js:106:29)",
                "diff": null
              },
              "uuid": "c11d2897-c7f1-4d81-ad6e-c2ff8b0cd43a",
              "parentUUID": "19070ed6-2504-4f5e-a908-75138ad57edc",
              "isHook": false,
              "skipped": false
            }
          ],
          "suites": [],
          "passes": [],
          "failures": [
            "c11d2897-c7f1-4d81-ad6e-c2ff8b0cd43a"
          ],
          "pending": [],
          "skipped": [],
          "duration": 21272,
          "root": false,
          "rootEmpty": false,
          "_timeout": 2000
        }
      ],
      "passes": [],
      "failures": [],
      "pending": [],
      "skipped": [],
      "duration": 0,
      "root": true,
      "rootEmpty": true,
      "_timeout": 2000
    }
  ],
  "meta": {
    "mocha": {
      "version": "7.0.1"
    },
    "mochawesome": {
      "options": {
        "quiet": false,
        "reportFilename": "mochawesome",
        "saveHtml": false,
        "saveJson": true,
        "consoleReporter": "spec",
        "useInlineDiffs": false,
        "code": true
      },
      "version": "7.1.3"
    },
    "marge": {
      "options": {
        "reportDir": "cypress\\reports\\.jsons",
        "charts": true,
        "reportPageTitle": "Test Automation Report",
        "embeddedScreenshots": true,
        "inlineAssets": true,
        "overwrite": false,
        "html": false,
        "json": true
      },
      "version": "6.2.0"
    }
  }
}