{
  "stats": {
    "suites": 1,
    "tests": 3,
    "passes": 3,
    "pending": 0,
    "failures": 0,
    "start": "2023-05-29T06:07:47.562Z",
    "end": "2023-05-29T06:07:48.827Z",
    "duration": 1265,
    "testsRegistered": 3,
    "passPercent": 100,
    "pendingPercent": 0,
    "other": 0,
    "hasOther": false,
    "skipped": 0,
    "hasSkipped": false
  },
  "results": [
    {
      "uuid": "c48691f0-6f4a-4c02-bdc7-392fe3053cc2",
      "title": "",
      "fullFile": "cypress/integration/Restful_API/Sample.js",
      "file": "cypress/integration/Restful_API/Sample.js",
      "beforeHooks": [],
      "afterHooks": [],
      "tests": [],
      "suites": [
        {
          "uuid": "1682bf59-e60c-4d0a-b27a-918609e3cbf9",
          "title": "Testing A Simple Restfful API",
          "fullFile": "",
          "file": "",
          "beforeHooks": [],
          "afterHooks": [],
          "tests": [
            {
              "title": "Get Single User Should Work",
              "fullTitle": "Testing A Simple Restfful API Get Single User Should Work",
              "timedOut": null,
              "duration": 642,
              "state": "passed",
              "speed": "fast",
              "pass": true,
              "fail": false,
              "pending": false,
              "context": null,
              "code": "cy.request('/users/2').then(response => {\n  cy.log(JSON.stringify(response.header));\n  cy.log(JSON.stringify(response.body));\n});",
              "err": {},
              "uuid": "655cfe79-d97e-45d3-9b19-18a2a22ca20f",
              "parentUUID": "1682bf59-e60c-4d0a-b27a-918609e3cbf9",
              "isHook": false,
              "skipped": false
            },
            {
              "title": "Must have correct header info",
              "fullTitle": "Testing A Simple Restfful API Must have correct header info",
              "timedOut": null,
              "duration": 141,
              "state": "passed",
              "speed": "fast",
              "pass": true,
              "fail": false,
              "pending": false,
              "context": null,
              "code": "cy.request('/users/2').as('user');\ncy.get('@user').its('headers').its('content-type').should('include', 'application/json');\ncy.get('@user').its('headers').its('connection').should('include', 'keep-alive');",
              "err": {},
              "uuid": "2775dfae-2f2c-4410-b282-839092e6bbf1",
              "parentUUID": "1682bf59-e60c-4d0a-b27a-918609e3cbf9",
              "isHook": false,
              "skipped": false
            },
            {
              "title": "must have the correct status code",
              "fullTitle": "Testing A Simple Restfful API must have the correct status code",
              "timedOut": null,
              "duration": 434,
              "state": "passed",
              "speed": "fast",
              "pass": true,
              "fail": false,
              "pending": false,
              "context": null,
              "code": "cy.request({\n  url: '/users?page=2',\n  method: 'Get'\n}).as('users_list');\ncy.get('@users_list').then(response => {\n  expect(response.status).to.equal(200);\n  cy.log(JSON.stringify(response.headers));\n  cy.log(JSON.stringify(response.body));\n});",
              "err": {},
              "uuid": "c8fb5f03-02c2-4cef-85fe-ae53c10a311d",
              "parentUUID": "1682bf59-e60c-4d0a-b27a-918609e3cbf9",
              "isHook": false,
              "skipped": false
            }
          ],
          "suites": [],
          "passes": [
            "655cfe79-d97e-45d3-9b19-18a2a22ca20f",
            "2775dfae-2f2c-4410-b282-839092e6bbf1",
            "c8fb5f03-02c2-4cef-85fe-ae53c10a311d"
          ],
          "failures": [],
          "pending": [],
          "skipped": [],
          "duration": 1217,
          "root": false,
          "rootEmpty": false,
          "_timeout": 2000
        }
      ],
      "passes": [],
      "failures": [],
      "pending": [],
      "skipped": [],
      "duration": 0,
      "root": true,
      "rootEmpty": true,
      "_timeout": 2000
    }
  ],
  "meta": {
    "mocha": {
      "version": "7.0.1"
    },
    "mochawesome": {
      "options": {
        "quiet": false,
        "reportFilename": "mochawesome",
        "saveHtml": false,
        "saveJson": true,
        "consoleReporter": "spec",
        "useInlineDiffs": false,
        "code": true
      },
      "version": "7.1.3"
    },
    "marge": {
      "options": {
        "reportDir": "cypress\\reports\\.jsons",
        "charts": true,
        "reportPageTitle": "Test Automation Report",
        "embeddedScreenshots": true,
        "inlineAssets": true,
        "overwrite": false,
        "html": false,
        "json": true
      },
      "version": "6.2.0"
    }
  }
}